<?xml version="1.0" encoding="UTF-8"?>
<coverage generated="1769893710">
  <project timestamp="1769893710" name="Clover Coverage">
    <package name="SchenkeIo\LaravelUrlCleaner\Bases">
      <file name="/home/srv/packages/schenke-io/laravel-url-cleaner/src/Bases/BaseCleaner.php">
        <class name="SchenkeIo\LaravelUrlCleaner\Bases\BaseCleaner" namespace="SchenkeIo\LaravelUrlCleaner\Bases">
          <metrics complexity="4" methods="2" coveredmethods="1" conditionals="0" coveredconditionals="0" statements="7" coveredstatements="4" elements="9" coveredelements="5"/>
        </class>
        <line num="13" type="method" name="__construct" visibility="public" complexity="1" crap="1" count="1"/>
        <line num="26" type="method" name="removeParameterKeysUsingSource" visibility="protected" complexity="3" crap="4.12" count="1"/>
        <line num="28" type="stmt" count="1"/>
        <line num="29" type="stmt" count="1"/>
        <line num="30" type="stmt" count="1"/>
        <line num="32" type="stmt" count="0"/>
        <line num="33" type="stmt" count="0"/>
        <line num="34" type="stmt" count="0"/>
        <metrics loc="38" ncloc="29" classes="1" methods="2" coveredmethods="1" conditionals="0" coveredconditionals="0" statements="7" coveredstatements="4" elements="9" coveredelements="5"/>
      </file>
      <file name="/home/srv/packages/schenke-io/laravel-url-cleaner/src/Bases/BaseConverter.php">
        <class name="SchenkeIo\LaravelUrlCleaner\Bases\BaseConverter" namespace="SchenkeIo\LaravelUrlCleaner\Bases">
          <metrics complexity="1" methods="2" coveredmethods="0" conditionals="0" coveredconditionals="0" statements="2" coveredstatements="0" elements="4" coveredelements="0"/>
        </class>
        <line num="10" type="method" name="__construct" visibility="public" complexity="1" crap="2" count="0"/>
        <line num="19" type="method" name="convert" visibility="public" complexity="0" crap="0" count="0"/>
        <metrics loc="21" ncloc="14" classes="1" methods="2" coveredmethods="0" conditionals="0" coveredconditionals="0" statements="2" coveredstatements="0" elements="4" coveredelements="0"/>
      </file>
      <file name="/home/srv/packages/schenke-io/laravel-url-cleaner/src/Bases/BaseSourceType.php">
        <class name="SchenkeIo\LaravelUrlCleaner\Bases\BaseSourceType" namespace="SchenkeIo\LaravelUrlCleaner\Bases">
          <metrics complexity="1" methods="4" coveredmethods="0" conditionals="0" coveredconditionals="0" statements="4" coveredstatements="0" elements="8" coveredelements="0"/>
        </class>
        <line num="11" type="method" name="__construct" visibility="public" complexity="1" crap="2" count="0"/>
        <line num="21" type="method" name="makeCopy" visibility="public" complexity="0" crap="0" count="0"/>
        <line num="23" type="method" name="getSource" visibility="public" complexity="0" crap="0" count="0"/>
        <line num="28" type="method" name="getMasks" visibility="public" complexity="0" crap="0" count="0"/>
        <metrics loc="30" ncloc="19" classes="1" methods="4" coveredmethods="0" conditionals="0" coveredconditionals="0" statements="4" coveredstatements="0" elements="8" coveredelements="0"/>
      </file>
      <file name="/home/srv/packages/schenke-io/laravel-url-cleaner/src/Bases/Source.php">
        <class name="SchenkeIo\LaravelUrlCleaner\Bases\Source" namespace="SchenkeIo\LaravelUrlCleaner\Bases">
          <metrics complexity="39" methods="11" coveredmethods="1" conditionals="0" coveredconditionals="0" statements="57" coveredstatements="1" elements="68" coveredelements="2"/>
        </class>
        <line num="51" type="method" name="fromClass" visibility="public" complexity="1" crap="1" count="1"/>
        <line num="53" type="stmt" count="1"/>
        <line num="64" type="method" name="maskCount" visibility="public" complexity="1" crap="2" count="0"/>
        <line num="66" type="stmt" count="0"/>
        <line num="74" type="method" name="isSourceForAll" visibility="public" complexity="3" crap="12" count="0"/>
        <line num="76" type="stmt" count="0"/>
        <line num="77" type="stmt" count="0"/>
        <line num="78" type="stmt" count="0"/>
        <line num="79" type="stmt" count="0"/>
        <line num="80" type="stmt" count="0"/>
        <line num="81" type="stmt" count="0"/>
        <line num="82" type="stmt" count="0"/>
        <line num="83" type="stmt" count="0"/>
        <line num="91" type="method" name="pathFinalJson" visibility="public" complexity="2" crap="6" count="0"/>
        <line num="93" type="stmt" count="0"/>
        <line num="94" type="stmt" count="0"/>
        <line num="95" type="stmt" count="0"/>
        <line num="105" type="method" name="transformer" visibility="public" complexity="1" crap="2" count="0"/>
        <line num="107" type="stmt" count="0"/>
        <line num="116" type="method" name="converter" visibility="public" complexity="8" crap="72" count="0"/>
        <line num="118" type="stmt" count="0"/>
        <line num="119" type="stmt" count="0"/>
        <line num="120" type="stmt" count="0"/>
        <line num="121" type="stmt" count="0"/>
        <line num="122" type="stmt" count="0"/>
        <line num="123" type="stmt" count="0"/>
        <line num="124" type="stmt" count="0"/>
        <line num="125" type="stmt" count="0"/>
        <line num="126" type="stmt" count="0"/>
        <line num="127" type="stmt" count="0"/>
        <line num="128" type="stmt" count="0"/>
        <line num="138" type="method" name="sourceType" visibility="public" complexity="5" crap="30" count="0"/>
        <line num="140" type="stmt" count="0"/>
        <line num="141" type="stmt" count="0"/>
        <line num="142" type="stmt" count="0"/>
        <line num="143" type="stmt" count="0"/>
        <line num="144" type="stmt" count="0"/>
        <line num="145" type="stmt" count="0"/>
        <line num="146" type="stmt" count="0"/>
        <line num="147" type="stmt" count="0"/>
        <line num="148" type="stmt" count="0"/>
        <line num="149" type="stmt" count="0"/>
        <line num="150" type="stmt" count="0"/>
        <line num="158" type="method" name="sourceBase" visibility="public" complexity="8" crap="72" count="0"/>
        <line num="160" type="stmt" count="0"/>
        <line num="161" type="stmt" count="0"/>
        <line num="162" type="stmt" count="0"/>
        <line num="163" type="stmt" count="0"/>
        <line num="164" type="stmt" count="0"/>
        <line num="165" type="stmt" count="0"/>
        <line num="166" type="stmt" count="0"/>
        <line num="167" type="stmt" count="0"/>
        <line num="168" type="stmt" count="0"/>
        <line num="176" type="method" name="sourceFile" visibility="public" complexity="8" crap="72" count="0"/>
        <line num="178" type="stmt" count="0"/>
        <line num="179" type="stmt" count="0"/>
        <line num="180" type="stmt" count="0"/>
        <line num="181" type="stmt" count="0"/>
        <line num="182" type="stmt" count="0"/>
        <line num="183" type="stmt" count="0"/>
        <line num="184" type="stmt" count="0"/>
        <line num="185" type="stmt" count="0"/>
        <line num="186" type="stmt" count="0"/>
        <line num="194" type="method" name="pathSourceCopy" visibility="public" complexity="1" crap="2" count="0"/>
        <line num="196" type="stmt" count="0"/>
        <line num="198" type="stmt" count="0"/>
        <line num="205" type="method" name="makeSource" visibility="public" complexity="1" crap="2" count="0"/>
        <line num="207" type="stmt" count="0"/>
        <metrics loc="210" ncloc="140" classes="1" methods="11" coveredmethods="1" conditionals="0" coveredconditionals="0" statements="57" coveredstatements="1" elements="68" coveredelements="2"/>
      </file>
    </package>
    <file name="/home/srv/packages/schenke-io/laravel-url-cleaner/src/Bases/RuleInterface.php">
      <metrics loc="37" ncloc="19" classes="0" methods="0" coveredmethods="0" conditionals="0" coveredconditionals="0" statements="0" coveredstatements="0" elements="0" coveredelements="0"/>
    </file>
    <package name="SchenkeIo\LaravelUrlCleaner\Cleaners">
      <file name="/home/srv/packages/schenke-io/laravel-url-cleaner/src/Cleaners/Marketing00.php">
        <class name="SchenkeIo\LaravelUrlCleaner\Cleaners\Marketing00" namespace="SchenkeIo\LaravelUrlCleaner\Cleaners">
          <metrics complexity="1" methods="1" coveredmethods="0" conditionals="0" coveredconditionals="0" statements="1" coveredstatements="0" elements="2" coveredelements="0"/>
        </class>
        <line num="27" type="method" name="clean" visibility="public" complexity="1" crap="2" count="0"/>
        <line num="29" type="stmt" count="0"/>
        <metrics loc="32" ncloc="17" classes="1" methods="1" coveredmethods="0" conditionals="0" coveredconditionals="0" statements="1" coveredstatements="0" elements="2" coveredelements="0"/>
      </file>
      <file name="/home/srv/packages/schenke-io/laravel-url-cleaner/src/Cleaners/Marketing01.php">
        <class name="SchenkeIo\LaravelUrlCleaner\Cleaners\Marketing01" namespace="SchenkeIo\LaravelUrlCleaner\Cleaners">
          <metrics complexity="1" methods="1" coveredmethods="0" conditionals="0" coveredconditionals="0" statements="1" coveredstatements="0" elements="2" coveredelements="0"/>
        </class>
        <line num="26" type="method" name="clean" visibility="public" complexity="1" crap="2" count="0"/>
        <line num="28" type="stmt" count="0"/>
        <metrics loc="31" ncloc="17" classes="1" methods="1" coveredmethods="0" conditionals="0" coveredconditionals="0" statements="1" coveredstatements="0" elements="2" coveredelements="0"/>
      </file>
      <file name="/home/srv/packages/schenke-io/laravel-url-cleaner/src/Cleaners/Marketing02.php">
        <class name="SchenkeIo\LaravelUrlCleaner\Cleaners\Marketing02" namespace="SchenkeIo\LaravelUrlCleaner\Cleaners">
          <metrics complexity="1" methods="1" coveredmethods="0" conditionals="0" coveredconditionals="0" statements="1" coveredstatements="0" elements="2" coveredelements="0"/>
        </class>
        <line num="28" type="method" name="clean" visibility="public" complexity="1" crap="2" count="0"/>
        <line num="30" type="stmt" count="0"/>
        <metrics loc="33" ncloc="19" classes="1" methods="1" coveredmethods="0" conditionals="0" coveredconditionals="0" statements="1" coveredstatements="0" elements="2" coveredelements="0"/>
      </file>
      <file name="/home/srv/packages/schenke-io/laravel-url-cleaner/src/Cleaners/Marketing03.php">
        <class name="SchenkeIo\LaravelUrlCleaner\Cleaners\Marketing03" namespace="SchenkeIo\LaravelUrlCleaner\Cleaners">
          <metrics complexity="1" methods="1" coveredmethods="0" conditionals="0" coveredconditionals="0" statements="1" coveredstatements="0" elements="2" coveredelements="0"/>
        </class>
        <line num="26" type="method" name="clean" visibility="public" complexity="1" crap="2" count="0"/>
        <line num="28" type="stmt" count="0"/>
        <metrics loc="31" ncloc="17" classes="1" methods="1" coveredmethods="0" conditionals="0" coveredconditionals="0" statements="1" coveredstatements="0" elements="2" coveredelements="0"/>
      </file>
      <file name="/home/srv/packages/schenke-io/laravel-url-cleaner/src/Cleaners/Marketing04.php">
        <class name="SchenkeIo\LaravelUrlCleaner\Cleaners\Marketing04" namespace="SchenkeIo\LaravelUrlCleaner\Cleaners">
          <metrics complexity="1" methods="1" coveredmethods="0" conditionals="0" coveredconditionals="0" statements="1" coveredstatements="0" elements="2" coveredelements="0"/>
        </class>
        <line num="26" type="method" name="clean" visibility="public" complexity="1" crap="2" count="0"/>
        <line num="28" type="stmt" count="0"/>
        <metrics loc="31" ncloc="17" classes="1" methods="1" coveredmethods="0" conditionals="0" coveredconditionals="0" statements="1" coveredstatements="0" elements="2" coveredelements="0"/>
      </file>
      <file name="/home/srv/packages/schenke-io/laravel-url-cleaner/src/Cleaners/MarketingBroad.php">
        <class name="SchenkeIo\LaravelUrlCleaner\Cleaners\MarketingBroad" namespace="SchenkeIo\LaravelUrlCleaner\Cleaners">
          <metrics complexity="1" methods="1" coveredmethods="0" conditionals="0" coveredconditionals="0" statements="1" coveredstatements="0" elements="2" coveredelements="0"/>
        </class>
        <line num="21" type="method" name="clean" visibility="public" complexity="1" crap="2" count="0"/>
        <line num="23" type="stmt" count="0"/>
        <metrics loc="26" ncloc="16" classes="1" methods="1" coveredmethods="0" conditionals="0" coveredconditionals="0" statements="1" coveredstatements="0" elements="2" coveredelements="0"/>
      </file>
      <file name="/home/srv/packages/schenke-io/laravel-url-cleaner/src/Cleaners/MarketingNarrow.php">
        <class name="SchenkeIo\LaravelUrlCleaner\Cleaners\MarketingNarrow" namespace="SchenkeIo\LaravelUrlCleaner\Cleaners">
          <metrics complexity="1" methods="1" coveredmethods="0" conditionals="0" coveredconditionals="0" statements="1" coveredstatements="0" elements="2" coveredelements="0"/>
        </class>
        <line num="21" type="method" name="clean" visibility="public" complexity="1" crap="2" count="0"/>
        <line num="23" type="stmt" count="0"/>
        <metrics loc="26" ncloc="16" classes="1" methods="1" coveredmethods="0" conditionals="0" coveredconditionals="0" statements="1" coveredstatements="0" elements="2" coveredelements="0"/>
      </file>
      <file name="/home/srv/packages/schenke-io/laravel-url-cleaner/src/Cleaners/MarketingUnique.php">
        <class name="SchenkeIo\LaravelUrlCleaner\Cleaners\MarketingUnique" namespace="SchenkeIo\LaravelUrlCleaner\Cleaners">
          <metrics complexity="1" methods="1" coveredmethods="0" conditionals="0" coveredconditionals="0" statements="1" coveredstatements="0" elements="2" coveredelements="0"/>
        </class>
        <line num="21" type="method" name="clean" visibility="public" complexity="1" crap="2" count="0"/>
        <line num="23" type="stmt" count="0"/>
        <metrics loc="26" ncloc="16" classes="1" methods="1" coveredmethods="0" conditionals="0" coveredconditionals="0" statements="1" coveredstatements="0" elements="2" coveredelements="0"/>
      </file>
      <file name="/home/srv/packages/schenke-io/laravel-url-cleaner/src/Cleaners/PreventInvalidHost.php">
        <class name="SchenkeIo\LaravelUrlCleaner\Cleaners\PreventInvalidHost" namespace="SchenkeIo\LaravelUrlCleaner\Cleaners">
          <metrics complexity="3" methods="1" coveredmethods="0" conditionals="0" coveredconditionals="0" statements="6" coveredstatements="0" elements="7" coveredelements="0"/>
        </class>
        <line num="27" type="method" name="clean" visibility="public" complexity="3" crap="12" count="0"/>
        <line num="32" type="stmt" count="0"/>
        <line num="33" type="stmt" count="0"/>
        <line num="34" type="stmt" count="0"/>
        <line num="39" type="stmt" count="0"/>
        <line num="41" type="stmt" count="0"/>
        <line num="42" type="stmt" count="0"/>
        <metrics loc="46" ncloc="27" classes="1" methods="1" coveredmethods="0" conditionals="0" coveredconditionals="0" statements="6" coveredstatements="0" elements="7" coveredelements="0"/>
      </file>
      <file name="/home/srv/packages/schenke-io/laravel-url-cleaner/src/Cleaners/PreventLocalhost.php">
        <class name="SchenkeIo\LaravelUrlCleaner\Cleaners\PreventLocalhost" namespace="SchenkeIo\LaravelUrlCleaner\Cleaners">
          <metrics complexity="3" methods="1" coveredmethods="0" conditionals="0" coveredconditionals="0" statements="3" coveredstatements="0" elements="4" coveredelements="0"/>
        </class>
        <line num="24" type="method" name="clean" visibility="public" complexity="3" crap="12" count="0"/>
        <line num="26" type="stmt" count="0"/>
        <line num="27" type="stmt" count="0"/>
        <line num="28" type="stmt" count="0"/>
        <metrics loc="33" ncloc="22" classes="1" methods="1" coveredmethods="0" conditionals="0" coveredconditionals="0" statements="3" coveredstatements="0" elements="4" coveredelements="0"/>
      </file>
      <file name="/home/srv/packages/schenke-io/laravel-url-cleaner/src/Cleaners/PreventNonHttps.php">
        <class name="SchenkeIo\LaravelUrlCleaner\Cleaners\PreventNonHttps" namespace="SchenkeIo\LaravelUrlCleaner\Cleaners">
          <metrics complexity="2" methods="1" coveredmethods="0" conditionals="0" coveredconditionals="0" statements="2" coveredstatements="0" elements="3" coveredelements="0"/>
        </class>
        <line num="24" type="method" name="clean" visibility="public" complexity="2" crap="6" count="0"/>
        <line num="26" type="stmt" count="0"/>
        <line num="27" type="stmt" count="0"/>
        <metrics loc="31" ncloc="20" classes="1" methods="1" coveredmethods="0" conditionals="0" coveredconditionals="0" statements="2" coveredstatements="0" elements="3" coveredelements="0"/>
      </file>
      <file name="/home/srv/packages/schenke-io/laravel-url-cleaner/src/Cleaners/PreventUserPassword.php">
        <class name="SchenkeIo\LaravelUrlCleaner\Cleaners\PreventUserPassword" namespace="SchenkeIo\LaravelUrlCleaner\Cleaners">
          <metrics complexity="3" methods="1" coveredmethods="0" conditionals="0" coveredconditionals="0" statements="2" coveredstatements="0" elements="3" coveredelements="0"/>
        </class>
        <line num="21" type="method" name="clean" visibility="public" complexity="3" crap="12" count="0"/>
        <line num="23" type="stmt" count="0"/>
        <line num="24" type="stmt" count="0"/>
        <metrics loc="28" ncloc="18" classes="1" methods="1" coveredmethods="0" conditionals="0" coveredconditionals="0" statements="2" coveredstatements="0" elements="3" coveredelements="0"/>
      </file>
      <file name="/home/srv/packages/schenke-io/laravel-url-cleaner/src/Cleaners/RemoveConfigMasks.php">
        <class name="SchenkeIo\LaravelUrlCleaner\Cleaners\RemoveConfigMasks" namespace="SchenkeIo\LaravelUrlCleaner\Cleaners">
          <metrics complexity="2" methods="1" coveredmethods="0" conditionals="0" coveredconditionals="0" statements="2" coveredstatements="0" elements="3" coveredelements="0"/>
        </class>
        <line num="20" type="method" name="clean" visibility="public" complexity="2" crap="6" count="0"/>
        <line num="22" type="stmt" count="0"/>
        <line num="23" type="stmt" count="0"/>
        <metrics loc="27" ncloc="17" classes="1" methods="1" coveredmethods="0" conditionals="0" coveredconditionals="0" statements="2" coveredstatements="0" elements="3" coveredelements="0"/>
      </file>
      <file name="/home/srv/packages/schenke-io/laravel-url-cleaner/src/Cleaners/RemoveLongValues.php">
        <class name="SchenkeIo\LaravelUrlCleaner\Cleaners\RemoveLongValues" namespace="SchenkeIo\LaravelUrlCleaner\Cleaners">
          <metrics complexity="4" methods="1" coveredmethods="0" conditionals="0" coveredconditionals="0" statements="3" coveredstatements="0" elements="4" coveredelements="0"/>
        </class>
        <line num="20" type="method" name="clean" visibility="public" complexity="4" crap="20" count="0"/>
        <line num="22" type="stmt" count="0"/>
        <line num="23" type="stmt" count="0"/>
        <line num="24" type="stmt" count="0"/>
        <metrics loc="29" ncloc="19" classes="1" methods="1" coveredmethods="0" conditionals="0" coveredconditionals="0" statements="3" coveredstatements="0" elements="4" coveredelements="0"/>
      </file>
      <file name="/home/srv/packages/schenke-io/laravel-url-cleaner/src/Cleaners/RemoveSearch.php">
        <class name="SchenkeIo\LaravelUrlCleaner\Cleaners\RemoveSearch" namespace="SchenkeIo\LaravelUrlCleaner\Cleaners">
          <metrics complexity="2" methods="1" coveredmethods="0" conditionals="0" coveredconditionals="0" statements="2" coveredstatements="0" elements="3" coveredelements="0"/>
        </class>
        <line num="24" type="method" name="clean" visibility="public" complexity="2" crap="6" count="0"/>
        <line num="26" type="stmt" count="0"/>
        <line num="27" type="stmt" count="0"/>
        <metrics loc="31" ncloc="20" classes="1" methods="1" coveredmethods="0" conditionals="0" coveredconditionals="0" statements="2" coveredstatements="0" elements="3" coveredelements="0"/>
      </file>
      <file name="/home/srv/packages/schenke-io/laravel-url-cleaner/src/Cleaners/ShortAmazonProductUrl.php">
        <class name="SchenkeIo\LaravelUrlCleaner\Cleaners\ShortAmazonProductUrl" namespace="SchenkeIo\LaravelUrlCleaner\Cleaners">
          <metrics complexity="3" methods="1" coveredmethods="0" conditionals="0" coveredconditionals="0" statements="7" coveredstatements="0" elements="8" coveredelements="0"/>
        </class>
        <line num="20" type="method" name="clean" visibility="public" complexity="3" crap="12" count="0"/>
        <line num="22" type="stmt" count="0"/>
        <line num="24" type="stmt" count="0"/>
        <line num="26" type="stmt" count="0"/>
        <line num="28" type="stmt" count="0"/>
        <line num="29" type="stmt" count="0"/>
        <line num="30" type="stmt" count="0"/>
        <line num="31" type="stmt" count="0"/>
        <metrics loc="36" ncloc="23" classes="1" methods="1" coveredmethods="0" conditionals="0" coveredconditionals="0" statements="7" coveredstatements="0" elements="8" coveredelements="0"/>
      </file>
      <file name="/home/srv/packages/schenke-io/laravel-url-cleaner/src/Cleaners/SortParameters.php">
        <class name="SchenkeIo\LaravelUrlCleaner\Cleaners\SortParameters" namespace="SchenkeIo\LaravelUrlCleaner\Cleaners">
          <metrics complexity="1" methods="1" coveredmethods="0" conditionals="0" coveredconditionals="0" statements="1" coveredstatements="0" elements="2" coveredelements="0"/>
        </class>
        <line num="18" type="method" name="clean" visibility="public" complexity="1" crap="2" count="0"/>
        <line num="20" type="stmt" count="0"/>
        <metrics loc="23" ncloc="15" classes="1" methods="1" coveredmethods="0" conditionals="0" coveredconditionals="0" statements="1" coveredstatements="0" elements="2" coveredelements="0"/>
      </file>
    </package>
    <package name="SchenkeIo\LaravelUrlCleaner\Data">
      <file name="/home/srv/packages/schenke-io/laravel-url-cleaner/src/Data/FileIo.php">
        <class name="SchenkeIo\LaravelUrlCleaner\Data\FileIo" namespace="SchenkeIo\LaravelUrlCleaner\Data">
          <metrics complexity="32" methods="8" coveredmethods="0" conditionals="0" coveredconditionals="0" statements="52" coveredstatements="0" elements="60" coveredelements="0"/>
        </class>
        <line num="18" type="method" name="reset" visibility="public" complexity="1" crap="2" count="0"/>
        <line num="20" type="stmt" count="0"/>
        <line num="28" type="method" name="getJson" visibility="public" complexity="1" crap="2" count="0"/>
        <line num="30" type="stmt" count="0"/>
        <line num="38" type="method" name="putJson" visibility="public" complexity="2" crap="6" count="0"/>
        <line num="40" type="stmt" count="0"/>
        <line num="48" type="method" name="glob" visibility="public" complexity="5" crap="30" count="0"/>
        <line num="50" type="stmt" count="0"/>
        <line num="51" type="stmt" count="0"/>
        <line num="53" type="stmt" count="0"/>
        <line num="54" type="stmt" count="0"/>
        <line num="56" type="stmt" count="0"/>
        <line num="57" type="stmt" count="0"/>
        <line num="58" type="stmt" count="0"/>
        <line num="61" type="stmt" count="0"/>
        <line num="62" type="stmt" count="0"/>
        <line num="63" type="stmt" count="0"/>
        <line num="69" type="method" name="put" visibility="public" complexity="9" crap="90" count="0"/>
        <line num="71" type="stmt" count="0"/>
        <line num="72" type="stmt" count="0"/>
        <line num="73" type="stmt" count="0"/>
        <line num="74" type="stmt" count="0"/>
        <line num="75" type="stmt" count="0"/>
        <line num="77" type="stmt" count="0"/>
        <line num="78" type="stmt" count="0"/>
        <line num="79" type="stmt" count="0"/>
        <line num="82" type="stmt" count="0"/>
        <line num="84" type="stmt" count="0"/>
        <line num="87" type="stmt" count="0"/>
        <line num="88" type="stmt" count="0"/>
        <line num="90" type="stmt" count="0"/>
        <line num="91" type="stmt" count="0"/>
        <line num="92" type="stmt" count="0"/>
        <line num="95" type="stmt" count="0"/>
        <line num="101" type="method" name="get" visibility="public" complexity="8" crap="72" count="0"/>
        <line num="103" type="stmt" count="0"/>
        <line num="104" type="stmt" count="0"/>
        <line num="105" type="stmt" count="0"/>
        <line num="106" type="stmt" count="0"/>
        <line num="107" type="stmt" count="0"/>
        <line num="108" type="stmt" count="0"/>
        <line num="109" type="stmt" count="0"/>
        <line num="112" type="stmt" count="0"/>
        <line num="114" type="stmt" count="0"/>
        <line num="117" type="stmt" count="0"/>
        <line num="121" type="stmt" count="0"/>
        <line num="122" type="stmt" count="0"/>
        <line num="123" type="stmt" count="0"/>
        <line num="125" type="stmt" count="0"/>
        <line num="128" type="stmt" count="0"/>
        <line num="133" type="method" name="unlink" visibility="public" complexity="5" crap="30" count="0"/>
        <line num="135" type="stmt" count="0"/>
        <line num="136" type="stmt" count="0"/>
        <line num="137" type="stmt" count="0"/>
        <line num="138" type="stmt" count="0"/>
        <line num="141" type="stmt" count="0"/>
        <line num="144" type="stmt" count="0"/>
        <line num="145" type="stmt" count="0"/>
        <line num="150" type="method" name="dataPath" visibility="private" complexity="1" crap="2" count="0"/>
        <line num="152" type="stmt" count="0"/>
        <metrics loc="155" ncloc="128" classes="1" methods="8" coveredmethods="0" conditionals="0" coveredconditionals="0" statements="52" coveredstatements="0" elements="60" coveredelements="0"/>
      </file>
      <file name="/home/srv/packages/schenke-io/laravel-url-cleaner/src/Data/MaskArray.php">
        <class name="SchenkeIo\LaravelUrlCleaner\Data\MaskArray" namespace="SchenkeIo\LaravelUrlCleaner\Data">
          <metrics complexity="20" methods="9" coveredmethods="0" conditionals="0" coveredconditionals="0" statements="28" coveredstatements="0" elements="37" coveredelements="0"/>
        </class>
        <line num="26" type="method" name="__construct" visibility="public" complexity="1" crap="2" count="0"/>
        <line num="28" type="stmt" count="0"/>
        <line num="37" type="method" name="fromMasks" visibility="public" complexity="1" crap="2" count="0"/>
        <line num="39" type="stmt" count="0"/>
        <line num="47" type="method" name="ruleSets" visibility="public" complexity="1" crap="2" count="0"/>
        <line num="49" type="stmt" count="0"/>
        <line num="57" type="method" name="masks" visibility="public" complexity="1" crap="2" count="0"/>
        <line num="59" type="stmt" count="0"/>
        <line num="67" type="method" name="serialize" visibility="public" complexity="1" crap="2" count="0"/>
        <line num="69" type="stmt" count="0"/>
        <line num="77" type="method" name="count" visibility="public" complexity="1" crap="2" count="0"/>
        <line num="79" type="stmt" count="0"/>
        <line num="88" type="method" name="setKeyValue" visibility="public" complexity="1" crap="2" count="0"/>
        <line num="90" type="stmt" count="0"/>
        <line num="98" type="method" name="add" visibility="public" complexity="5" crap="30" count="0"/>
        <line num="100" type="stmt" count="0"/>
        <line num="102" type="stmt" count="0"/>
        <line num="106" type="stmt" count="0"/>
        <line num="107" type="stmt" count="0"/>
        <line num="109" type="stmt" count="0"/>
        <line num="110" type="stmt" count="0"/>
        <line num="111" type="stmt" count="0"/>
        <line num="122" type="method" name="reduce" visibility="public" complexity="8" crap="72" count="0"/>
        <line num="124" type="stmt" count="0"/>
        <line num="125" type="stmt" count="0"/>
        <line num="126" type="stmt" count="0"/>
        <line num="127" type="stmt" count="0"/>
        <line num="128" type="stmt" count="0"/>
        <line num="130" type="stmt" count="0"/>
        <line num="132" type="stmt" count="0"/>
        <line num="133" type="stmt" count="0"/>
        <line num="135" type="stmt" count="0"/>
        <line num="137" type="stmt" count="0"/>
        <line num="138" type="stmt" count="0"/>
        <line num="143" type="stmt" count="0"/>
        <line num="144" type="stmt" count="0"/>
        <line num="146" type="stmt" count="0"/>
        <metrics loc="149" ncloc="87" classes="1" methods="9" coveredmethods="0" conditionals="0" coveredconditionals="0" statements="28" coveredstatements="0" elements="37" coveredelements="0"/>
      </file>
      <file name="/home/srv/packages/schenke-io/laravel-url-cleaner/src/Data/MaskTree.php">
        <class name="SchenkeIo\LaravelUrlCleaner\Data\MaskTree" namespace="SchenkeIo\LaravelUrlCleaner\Data">
          <metrics complexity="22" methods="11" coveredmethods="0" conditionals="0" coveredconditionals="0" statements="39" coveredstatements="0" elements="50" coveredelements="0"/>
        </class>
        <line num="14" type="method" name="__construct" visibility="public" complexity="1" crap="2" count="0"/>
        <line num="17" type="stmt" count="0"/>
        <line num="24" type="method" name="fromSource" visibility="public" complexity="1" crap="2" count="0"/>
        <line num="28" type="stmt" count="0"/>
        <line num="29" type="stmt" count="0"/>
        <line num="31" type="stmt" count="0"/>
        <line num="37" type="method" name="fromMasks" visibility="public" complexity="1" crap="2" count="0"/>
        <line num="42" type="stmt" count="0"/>
        <line num="43" type="stmt" count="0"/>
        <line num="45" type="stmt" count="0"/>
        <line num="55" type="method" name="addFromFile" visibility="public" complexity="2" crap="6" count="0"/>
        <line num="57" type="stmt" count="0"/>
        <line num="58" type="stmt" count="0"/>
        <line num="59" type="stmt" count="0"/>
        <line num="60" type="stmt" count="0"/>
        <line num="62" type="stmt" count="0"/>
        <line num="64" type="stmt" count="0"/>
        <line num="67" type="method" name="clean" visibility="private" complexity="2" crap="6" count="0"/>
        <line num="69" type="stmt" count="0"/>
        <line num="70" type="stmt" count="0"/>
        <line num="71" type="stmt" count="0"/>
        <line num="72" type="stmt" count="0"/>
        <line num="73" type="stmt" count="0"/>
        <line num="82" type="method" name="load" visibility="public" complexity="1" crap="2" count="0"/>
        <line num="84" type="stmt" count="0"/>
        <line num="85" type="stmt" count="0"/>
        <line num="88" type="method" name="loadMaskArray" visibility="public" complexity="2" crap="6" count="0"/>
        <line num="90" type="stmt" count="0"/>
        <line num="91" type="stmt" count="0"/>
        <line num="93" type="stmt" count="0"/>
        <line num="99" type="method" name="store" visibility="public" complexity="1" crap="2" count="0"/>
        <line num="101" type="stmt" count="0"/>
        <line num="104" type="method" name="delete" visibility="public" complexity="1" crap="2" count="0"/>
        <line num="106" type="stmt" count="0"/>
        <line num="114" type="method" name="getKeysToRemove" visibility="public" complexity="6" crap="42" count="0"/>
        <line num="116" type="stmt" count="0"/>
        <line num="117" type="stmt" count="0"/>
        <line num="119" type="stmt" count="0"/>
        <line num="120" type="stmt" count="0"/>
        <line num="121" type="stmt" count="0"/>
        <line num="122" type="stmt" count="0"/>
        <line num="123" type="stmt" count="0"/>
        <line num="130" type="stmt" count="0"/>
        <line num="133" type="method" name="maskArray" visibility="public" complexity="4" crap="20" count="0"/>
        <line num="135" type="stmt" count="0"/>
        <line num="136" type="stmt" count="0"/>
        <line num="137" type="stmt" count="0"/>
        <line num="138" type="stmt" count="0"/>
        <line num="139" type="stmt" count="0"/>
        <line num="143" type="stmt" count="0"/>
        <metrics loc="146" ncloc="116" classes="1" methods="11" coveredmethods="0" conditionals="0" coveredconditionals="0" statements="39" coveredstatements="0" elements="50" coveredelements="0"/>
      </file>
      <file name="/home/srv/packages/schenke-io/laravel-url-cleaner/src/Data/RuleDomain.php">
        <class name="SchenkeIo\LaravelUrlCleaner\Data\RuleDomain" namespace="SchenkeIo\LaravelUrlCleaner\Data">
          <metrics complexity="3" methods="2" coveredmethods="0" conditionals="0" coveredconditionals="0" statements="4" coveredstatements="0" elements="6" coveredelements="0"/>
        </class>
        <line num="15" type="method" name="__construct" visibility="public" complexity="2" crap="6" count="0"/>
        <line num="17" type="stmt" count="0"/>
        <line num="18" type="stmt" count="0"/>
        <line num="21" type="stmt" count="0"/>
        <line num="27" type="method" name="isValid" visibility="public" complexity="1" crap="2" count="0"/>
        <line num="29" type="stmt" count="0"/>
        <metrics loc="32" ncloc="24" classes="1" methods="2" coveredmethods="0" conditionals="0" coveredconditionals="0" statements="4" coveredstatements="0" elements="6" coveredelements="0"/>
      </file>
      <file name="/home/srv/packages/schenke-io/laravel-url-cleaner/src/Data/RuleKey.php">
        <class name="SchenkeIo\LaravelUrlCleaner\Data\RuleKey" namespace="SchenkeIo\LaravelUrlCleaner\Data">
          <metrics complexity="3" methods="2" coveredmethods="0" conditionals="0" coveredconditionals="0" statements="4" coveredstatements="0" elements="6" coveredelements="0"/>
        </class>
        <line num="15" type="method" name="__construct" visibility="public" complexity="2" crap="6" count="0"/>
        <line num="17" type="stmt" count="0"/>
        <line num="18" type="stmt" count="0"/>
        <line num="20" type="stmt" count="0"/>
        <line num="26" type="method" name="isValid" visibility="public" complexity="1" crap="2" count="0"/>
        <line num="28" type="stmt" count="0"/>
        <metrics loc="31" ncloc="23" classes="1" methods="2" coveredmethods="0" conditionals="0" coveredconditionals="0" statements="4" coveredstatements="0" elements="6" coveredelements="0"/>
      </file>
      <file name="/home/srv/packages/schenke-io/laravel-url-cleaner/src/Data/RuleSet.php">
        <class name="SchenkeIo\LaravelUrlCleaner\Data\RuleSet" namespace="SchenkeIo\LaravelUrlCleaner\Data">
          <metrics complexity="14" methods="6" coveredmethods="0" conditionals="0" coveredconditionals="0" statements="25" coveredstatements="0" elements="31" coveredelements="0"/>
        </class>
        <line num="23" type="method" name="__construct" visibility="public" complexity="3" crap="12" count="0"/>
        <line num="25" type="stmt" count="0"/>
        <line num="26" type="stmt" count="0"/>
        <line num="28" type="stmt" count="0"/>
        <line num="29" type="stmt" count="0"/>
        <line num="31" type="stmt" count="0"/>
        <line num="32" type="stmt" count="0"/>
        <line num="38" type="method" name="fromMask" visibility="public" complexity="3" crap="12" count="0"/>
        <line num="40" type="stmt" count="0"/>
        <line num="41" type="stmt" count="0"/>
        <line num="42" type="stmt" count="0"/>
        <line num="43" type="stmt" count="0"/>
        <line num="44" type="stmt" count="0"/>
        <line num="46" type="stmt" count="0"/>
        <line num="49" type="method" name="string" visibility="public" complexity="1" crap="2" count="0"/>
        <line num="51" type="stmt" count="0"/>
        <line num="54" type="method" name="__toString" visibility="public" complexity="3" crap="12" count="0"/>
        <line num="56" type="stmt" count="0"/>
        <line num="57" type="stmt" count="0"/>
        <line num="58" type="stmt" count="0"/>
        <line num="59" type="stmt" count="0"/>
        <line num="61" type="stmt" count="0"/>
        <line num="64" type="stmt" count="0"/>
        <line num="67" type="method" name="isEqual" visibility="public" complexity="2" crap="6" count="0"/>
        <line num="69" type="stmt" count="0"/>
        <line num="70" type="stmt" count="0"/>
        <line num="71" type="stmt" count="0"/>
        <line num="74" type="method" name="isIncludedIn" visibility="public" complexity="2" crap="6" count="0"/>
        <line num="76" type="stmt" count="0"/>
        <line num="77" type="stmt" count="0"/>
        <line num="78" type="stmt" count="0"/>
        <metrics loc="81" ncloc="68" classes="1" methods="6" coveredmethods="0" conditionals="0" coveredconditionals="0" statements="25" coveredstatements="0" elements="31" coveredelements="0"/>
      </file>
      <file name="/home/srv/packages/schenke-io/laravel-url-cleaner/src/Data/StarHandler.php">
        <class name="SchenkeIo\LaravelUrlCleaner\Data\StarHandler" namespace="SchenkeIo\LaravelUrlCleaner\Data">
          <metrics complexity="16" methods="6" coveredmethods="0" conditionals="0" coveredconditionals="0" statements="24" coveredstatements="0" elements="30" coveredelements="0"/>
        </class>
        <line num="23" type="method" name="__construct" visibility="public" complexity="1" crap="2" count="0"/>
        <line num="25" type="stmt" count="0"/>
        <line num="26" type="stmt" count="0"/>
        <line num="27" type="stmt" count="0"/>
        <line num="28" type="stmt" count="0"/>
        <line num="34" type="method" name="match" visibility="public" complexity="5" crap="30" count="0"/>
        <line num="36" type="stmt" count="0"/>
        <line num="38" type="stmt" count="0"/>
        <line num="39" type="stmt" count="0"/>
        <line num="40" type="stmt" count="0"/>
        <line num="42" type="stmt" count="0"/>
        <line num="45" type="stmt" count="0"/>
        <line num="48" type="stmt" count="0"/>
        <line num="50" type="stmt" count="0"/>
        <line num="53" type="stmt" count="0"/>
        <line num="61" type="method" name="isEqual" visibility="public" complexity="1" crap="2" count="0"/>
        <line num="63" type="stmt" count="0"/>
        <line num="69" type="method" name="isIncludedIn" visibility="public" complexity="7" crap="56" count="0"/>
        <line num="71" type="stmt" count="0"/>
        <line num="72" type="stmt" count="0"/>
        <line num="80" type="stmt" count="0"/>
        <line num="82" type="stmt" count="0"/>
        <line num="84" type="stmt" count="0"/>
        <line num="86" type="stmt" count="0"/>
        <line num="88" type="stmt" count="0"/>
        <line num="90" type="stmt" count="0"/>
        <line num="98" type="method" name="__toString" visibility="public" complexity="1" crap="2" count="0"/>
        <line num="100" type="stmt" count="0"/>
        <line num="106" type="method" name="isValid" visibility="public" complexity="1" crap="2" count="0"/>
        <line num="108" type="stmt" count="0"/>
        <metrics loc="111" ncloc="78" classes="1" methods="6" coveredmethods="0" conditionals="0" coveredconditionals="0" statements="24" coveredstatements="0" elements="30" coveredelements="0"/>
      </file>
      <file name="/home/srv/packages/schenke-io/laravel-url-cleaner/src/Data/UrlData.php">
        <class name="SchenkeIo\LaravelUrlCleaner\Data\UrlData" namespace="SchenkeIo\LaravelUrlCleaner\Data">
          <metrics complexity="26" methods="12" coveredmethods="0" conditionals="0" coveredconditionals="0" statements="51" coveredstatements="26" elements="63" coveredelements="26"/>
        </class>
        <line num="75" type="method" name="__construct" visibility="public" complexity="3" crap="3.00" count="1"/>
        <line num="77" type="stmt" count="1"/>
        <line num="80" type="stmt" count="1"/>
        <line num="81" type="stmt" count="0"/>
        <line num="83" type="stmt" count="1"/>
        <line num="85" type="stmt" count="1"/>
        <line num="86" type="stmt" count="1"/>
        <line num="87" type="stmt" count="1"/>
        <line num="88" type="stmt" count="1"/>
        <line num="89" type="stmt" count="1"/>
        <line num="90" type="stmt" count="1"/>
        <line num="91" type="stmt" count="1"/>
        <line num="92" type="stmt" count="1"/>
        <line num="94" type="stmt" count="1"/>
        <line num="100" type="method" name="getHost" visibility="public" complexity="1" crap="2" count="0"/>
        <line num="102" type="stmt" count="0"/>
        <line num="108" type="method" name="getDomain" visibility="public" complexity="1" crap="2" count="0"/>
        <line num="110" type="stmt" count="0"/>
        <line num="116" type="method" name="getScheme" visibility="public" complexity="1" crap="2" count="0"/>
        <line num="118" type="stmt" count="0"/>
        <line num="124" type="method" name="getPath" visibility="public" complexity="1" crap="2" count="0"/>
        <line num="126" type="stmt" count="0"/>
        <line num="134" type="method" name="getParameterKeys" visibility="public" complexity="1" crap="2" count="0"/>
        <line num="136" type="stmt" count="0"/>
        <line num="142" type="method" name="setHost" visibility="public" complexity="1" crap="2" count="0"/>
        <line num="144" type="stmt" count="0"/>
        <line num="150" type="method" name="setScheme" visibility="public" complexity="1" crap="2" count="0"/>
        <line num="152" type="stmt" count="0"/>
        <line num="162" type="method" name="removeMask" visibility="public" complexity="4" crap="20" count="0"/>
        <line num="164" type="stmt" count="0"/>
        <line num="165" type="stmt" count="0"/>
        <line num="166" type="stmt" count="0"/>
        <line num="167" type="stmt" count="0"/>
        <line num="168" type="stmt" count="0"/>
        <line num="179" type="method" name="removeParameterKey" visibility="public" complexity="3" crap="12" count="0"/>
        <line num="181" type="stmt" count="0"/>
        <line num="183" type="stmt" count="0"/>
        <line num="184" type="stmt" count="0"/>
        <line num="187" type="stmt" count="0"/>
        <line num="188" type="stmt" count="0"/>
        <line num="199" type="method" name="getUrl" visibility="public" complexity="5" crap="5.15" count="1"/>
        <line num="202" type="stmt" count="1"/>
        <line num="204" type="stmt" count="1"/>
        <line num="205" type="stmt" count="1"/>
        <line num="206" type="stmt" count="1"/>
        <line num="208" type="stmt" count="1"/>
        <line num="209" type="stmt" count="1"/>
        <line num="211" type="stmt" count="1"/>
        <line num="212" type="stmt" count="0"/>
        <line num="215" type="stmt" count="1"/>
        <line num="216" type="stmt" count="0"/>
        <line num="219" type="stmt" count="1"/>
        <line num="227" type="method" name="fullHost" visibility="public" complexity="4" crap="6.00" count="1"/>
        <line num="229" type="stmt" count="1"/>
        <line num="230" type="stmt" count="1"/>
        <line num="231" type="stmt" count="0"/>
        <line num="232" type="stmt" count="0"/>
        <line num="233" type="stmt" count="0"/>
        <line num="235" type="stmt" count="0"/>
        <line num="238" type="stmt" count="1"/>
        <line num="240" type="stmt" count="1"/>
        <line num="241" type="stmt" count="0"/>
        <line num="244" type="stmt" count="1"/>
        <metrics loc="247" ncloc="151" classes="1" methods="12" coveredmethods="0" conditionals="0" coveredconditionals="0" statements="51" coveredstatements="26" elements="63" coveredelements="26"/>
      </file>
      <file name="/home/srv/packages/schenke-io/laravel-url-cleaner/src/Data/WebIo.php">
        <class name="SchenkeIo\LaravelUrlCleaner\Data\WebIo" namespace="SchenkeIo\LaravelUrlCleaner\Data">
          <metrics complexity="4" methods="3" coveredmethods="0" conditionals="0" coveredconditionals="0" statements="6" coveredstatements="0" elements="9" coveredelements="0"/>
        </class>
        <line num="19" type="method" name="__construct" visibility="public" complexity="1" crap="2" count="0"/>
        <line num="21" type="stmt" count="0"/>
        <line num="27" type="method" name="get" visibility="public" complexity="2" crap="6" count="0"/>
        <line num="30" type="stmt" count="0"/>
        <line num="31" type="stmt" count="0"/>
        <line num="32" type="stmt" count="0"/>
        <line num="36" type="stmt" count="0"/>
        <line num="42" type="method" name="getGithub" visibility="public" complexity="1" crap="2" count="0"/>
        <line num="44" type="stmt" count="0"/>
        <metrics loc="47" ncloc="34" classes="1" methods="3" coveredmethods="0" conditionals="0" coveredconditionals="0" statements="6" coveredstatements="0" elements="9" coveredelements="0"/>
      </file>
    </package>
    <package name="SchenkeIo\LaravelUrlCleaner\Exceptions">
      <file name="/home/srv/packages/schenke-io/laravel-url-cleaner/src/Exceptions/CleanUrlException.php">
        <class name="SchenkeIo\LaravelUrlCleaner\Exceptions\CleanUrlException" namespace="SchenkeIo\LaravelUrlCleaner\Exceptions">
          <metrics complexity="1" methods="1" coveredmethods="0" conditionals="0" coveredconditionals="0" statements="1" coveredstatements="0" elements="2" coveredelements="0"/>
        </class>
        <line num="10" type="method" name="__construct" visibility="public" complexity="1" crap="2" count="0"/>
        <line num="12" type="stmt" count="0"/>
        <metrics loc="15" ncloc="12" classes="1" methods="1" coveredmethods="0" conditionals="0" coveredconditionals="0" statements="1" coveredstatements="0" elements="2" coveredelements="0"/>
      </file>
      <file name="/home/srv/packages/schenke-io/laravel-url-cleaner/src/Exceptions/DefectMaskException.php">
        <class name="SchenkeIo\LaravelUrlCleaner\Exceptions\DefectMaskException" namespace="SchenkeIo\LaravelUrlCleaner\Exceptions">
          <metrics complexity="0" methods="0" coveredmethods="0" conditionals="0" coveredconditionals="0" statements="0" coveredstatements="0" elements="0" coveredelements="0"/>
        </class>
        <metrics loc="9" ncloc="6" classes="0" methods="0" coveredmethods="0" conditionals="0" coveredconditionals="0" statements="0" coveredstatements="0" elements="0" coveredelements="0"/>
      </file>
      <file name="/home/srv/packages/schenke-io/laravel-url-cleaner/src/Exceptions/FileIoException.php">
        <class name="SchenkeIo\LaravelUrlCleaner\Exceptions\FileIoException" namespace="SchenkeIo\LaravelUrlCleaner\Exceptions">
          <metrics complexity="0" methods="0" coveredmethods="0" conditionals="0" coveredconditionals="0" statements="0" coveredstatements="0" elements="0" coveredelements="0"/>
        </class>
        <metrics loc="11" ncloc="8" classes="0" methods="0" coveredmethods="0" conditionals="0" coveredconditionals="0" statements="0" coveredstatements="0" elements="0" coveredelements="0"/>
      </file>
      <file name="/home/srv/packages/schenke-io/laravel-url-cleaner/src/Exceptions/InvalidHostException.php">
        <class name="SchenkeIo\LaravelUrlCleaner\Exceptions\InvalidHostException" namespace="SchenkeIo\LaravelUrlCleaner\Exceptions">
          <metrics complexity="1" methods="1" coveredmethods="0" conditionals="0" coveredconditionals="0" statements="1" coveredstatements="0" elements="2" coveredelements="0"/>
        </class>
        <line num="10" type="method" name="__construct" visibility="public" complexity="1" crap="2" count="0"/>
        <line num="12" type="stmt" count="0"/>
        <metrics loc="15" ncloc="12" classes="1" methods="1" coveredmethods="0" conditionals="0" coveredconditionals="0" statements="1" coveredstatements="0" elements="2" coveredelements="0"/>
      </file>
      <file name="/home/srv/packages/schenke-io/laravel-url-cleaner/src/Exceptions/InvalidSchemeException.php">
        <class name="SchenkeIo\LaravelUrlCleaner\Exceptions\InvalidSchemeException" namespace="SchenkeIo\LaravelUrlCleaner\Exceptions">
          <metrics complexity="4" methods="1" coveredmethods="0" conditionals="0" coveredconditionals="0" statements="10" coveredstatements="0" elements="11" coveredelements="0"/>
        </class>
        <line num="13" type="method" name="__construct" visibility="public" complexity="4" crap="20" count="0"/>
        <line num="15" type="stmt" count="0"/>
        <line num="17" type="stmt" count="0"/>
        <line num="19" type="stmt" count="0"/>
        <line num="20" type="stmt" count="0"/>
        <line num="21" type="stmt" count="0"/>
        <line num="22" type="stmt" count="0"/>
        <line num="23" type="stmt" count="0"/>
        <line num="24" type="stmt" count="0"/>
        <line num="27" type="stmt" count="0"/>
        <line num="30" type="stmt" count="0"/>
        <metrics loc="33" ncloc="25" classes="1" methods="1" coveredmethods="0" conditionals="0" coveredconditionals="0" statements="10" coveredstatements="0" elements="11" coveredelements="0"/>
      </file>
      <file name="/home/srv/packages/schenke-io/laravel-url-cleaner/src/Exceptions/InvalidUrlException.php">
        <class name="SchenkeIo\LaravelUrlCleaner\Exceptions\InvalidUrlException" namespace="SchenkeIo\LaravelUrlCleaner\Exceptions">
          <metrics complexity="0" methods="0" coveredmethods="0" conditionals="0" coveredconditionals="0" statements="0" coveredstatements="0" elements="0" coveredelements="0"/>
        </class>
        <metrics loc="11" ncloc="8" classes="0" methods="0" coveredmethods="0" conditionals="0" coveredconditionals="0" statements="0" coveredstatements="0" elements="0" coveredelements="0"/>
      </file>
      <file name="/home/srv/packages/schenke-io/laravel-url-cleaner/src/Exceptions/MakeException.php">
        <class name="SchenkeIo\LaravelUrlCleaner\Exceptions\MakeException" namespace="SchenkeIo\LaravelUrlCleaner\Exceptions">
          <metrics complexity="0" methods="0" coveredmethods="0" conditionals="0" coveredconditionals="0" statements="0" coveredstatements="0" elements="0" coveredelements="0"/>
        </class>
        <metrics loc="9" ncloc="6" classes="0" methods="0" coveredmethods="0" conditionals="0" coveredconditionals="0" statements="0" coveredstatements="0" elements="0" coveredelements="0"/>
      </file>
      <file name="/home/srv/packages/schenke-io/laravel-url-cleaner/src/Exceptions/WebIoException.php">
        <class name="SchenkeIo\LaravelUrlCleaner\Exceptions\WebIoException" namespace="SchenkeIo\LaravelUrlCleaner\Exceptions">
          <metrics complexity="0" methods="0" coveredmethods="0" conditionals="0" coveredconditionals="0" statements="0" coveredstatements="0" elements="0" coveredelements="0"/>
        </class>
        <metrics loc="11" ncloc="8" classes="0" methods="0" coveredmethods="0" conditionals="0" coveredconditionals="0" statements="0" coveredstatements="0" elements="0" coveredelements="0"/>
      </file>
    </package>
    <package name="SchenkeIo\LaravelUrlCleaner\Facades">
      <file name="/home/srv/packages/schenke-io/laravel-url-cleaner/src/Facades/UrlCleaner.php">
        <class name="SchenkeIo\LaravelUrlCleaner\Facades\UrlCleaner" namespace="SchenkeIo\LaravelUrlCleaner\Facades">
          <metrics complexity="1" methods="1" coveredmethods="0" conditionals="0" coveredconditionals="0" statements="1" coveredstatements="0" elements="2" coveredelements="0"/>
        </class>
        <line num="15" type="method" name="getFacadeAccessor" visibility="protected" complexity="1" crap="2" count="0"/>
        <line num="17" type="stmt" count="0"/>
        <metrics loc="20" ncloc="15" classes="1" methods="1" coveredmethods="0" conditionals="0" coveredconditionals="0" statements="1" coveredstatements="0" elements="2" coveredelements="0"/>
      </file>
    </package>
    <package name="SchenkeIo\LaravelUrlCleaner">
      <file name="/home/srv/packages/schenke-io/laravel-url-cleaner/src/LaravelUrlCleanerServiceProvider.php">
        <class name="SchenkeIo\LaravelUrlCleaner\LaravelUrlCleanerServiceProvider" namespace="SchenkeIo\LaravelUrlCleaner">
          <metrics complexity="2" methods="2" coveredmethods="0" conditionals="0" coveredconditionals="0" statements="12" coveredstatements="0" elements="14" coveredelements="0"/>
        </class>
        <line num="12" type="method" name="configurePackage" visibility="public" complexity="1" crap="2" count="0"/>
        <line num="14" type="stmt" count="0"/>
        <line num="15" type="stmt" count="0"/>
        <line num="16" type="stmt" count="0"/>
        <line num="17" type="stmt" count="0"/>
        <line num="18" type="stmt" count="0"/>
        <line num="19" type="stmt" count="0"/>
        <line num="20" type="stmt" count="0"/>
        <line num="21" type="stmt" count="0"/>
        <line num="30" type="method" name="register" visibility="public" complexity="1" crap="2" count="0"/>
        <line num="32" type="stmt" count="0"/>
        <line num="33" type="stmt" count="0"/>
        <line num="34" type="stmt" count="0"/>
        <line num="35" type="stmt" count="0"/>
        <metrics loc="38" ncloc="32" classes="1" methods="2" coveredmethods="0" conditionals="0" coveredconditionals="0" statements="12" coveredstatements="0" elements="14" coveredelements="0"/>
      </file>
      <file name="/home/srv/packages/schenke-io/laravel-url-cleaner/src/UrlCleaner.php">
        <class name="SchenkeIo\LaravelUrlCleaner\UrlCleaner" namespace="SchenkeIo\LaravelUrlCleaner">
          <metrics complexity="4" methods="1" coveredmethods="0" conditionals="0" coveredconditionals="0" statements="8" coveredstatements="0" elements="9" coveredelements="0"/>
        </class>
        <line num="16" type="method" name="handle" visibility="public" complexity="4" crap="20" count="0"/>
        <line num="22" type="stmt" count="0"/>
        <line num="23" type="stmt" count="0"/>
        <line num="24" type="stmt" count="0"/>
        <line num="25" type="stmt" count="0"/>
        <line num="27" type="stmt" count="0"/>
        <line num="29" type="stmt" count="0"/>
        <line num="33" type="stmt" count="0"/>
        <line num="39" type="stmt" count="0"/>
        <metrics loc="42" ncloc="27" classes="1" methods="1" coveredmethods="0" conditionals="0" coveredconditionals="0" statements="8" coveredstatements="0" elements="9" coveredelements="0"/>
      </file>
    </package>
    <package name="SchenkeIo\LaravelUrlCleaner\Makers\Converters">
      <file name="/home/srv/packages/schenke-io/laravel-url-cleaner/src/Makers/Converters/AllMarketingMasksConverter.php">
        <class name="SchenkeIo\LaravelUrlCleaner\Makers\Converters\AllMarketingMasksConverter" namespace="SchenkeIo\LaravelUrlCleaner\Makers\Converters">
          <metrics complexity="4" methods="2" coveredmethods="0" conditionals="0" coveredconditionals="0" statements="21" coveredstatements="0" elements="23" coveredelements="0"/>
        </class>
        <line num="13" type="method" name="__construct" visibility="public" complexity="1" crap="2" count="0"/>
        <line num="17" type="stmt" count="0"/>
        <line num="27" type="method" name="convert" visibility="public" complexity="3" crap="12" count="0"/>
        <line num="29" type="stmt" count="0"/>
        <line num="30" type="stmt" count="0"/>
        <line num="31" type="stmt" count="0"/>
        <line num="32" type="stmt" count="0"/>
        <line num="33" type="stmt" count="0"/>
        <line num="34" type="stmt" count="0"/>
        <line num="35" type="stmt" count="0"/>
        <line num="38" type="stmt" count="0"/>
        <line num="39" type="stmt" count="0"/>
        <line num="40" type="stmt" count="0"/>
        <line num="41" type="stmt" count="0"/>
        <line num="42" type="stmt" count="0"/>
        <line num="43" type="stmt" count="0"/>
        <line num="45" type="stmt" count="0"/>
        <line num="46" type="stmt" count="0"/>
        <line num="47" type="stmt" count="0"/>
        <line num="48" type="stmt" count="0"/>
        <line num="49" type="stmt" count="0"/>
        <line num="50" type="stmt" count="0"/>
        <line num="51" type="stmt" count="0"/>
        <metrics loc="54" ncloc="47" classes="1" methods="2" coveredmethods="0" conditionals="0" coveredconditionals="0" statements="21" coveredstatements="0" elements="23" coveredelements="0"/>
      </file>
      <file name="/home/srv/packages/schenke-io/laravel-url-cleaner/src/Makers/Converters/ArrayConverter.php">
        <class name="SchenkeIo\LaravelUrlCleaner\Makers\Converters\ArrayConverter" namespace="SchenkeIo\LaravelUrlCleaner\Makers\Converters">
          <metrics complexity="7" methods="2" coveredmethods="0" conditionals="0" coveredconditionals="0" statements="16" coveredstatements="0" elements="18" coveredelements="0"/>
        </class>
        <line num="12" type="method" name="__construct" visibility="public" complexity="1" crap="2" count="0"/>
        <line num="18" type="stmt" count="0"/>
        <line num="28" type="method" name="convert" visibility="public" complexity="6" crap="42" count="0"/>
        <line num="30" type="stmt" count="0"/>
        <line num="31" type="stmt" count="0"/>
        <line num="32" type="stmt" count="0"/>
        <line num="33" type="stmt" count="0"/>
        <line num="34" type="stmt" count="0"/>
        <line num="35" type="stmt" count="0"/>
        <line num="36" type="stmt" count="0"/>
        <line num="39" type="stmt" count="0"/>
        <line num="40" type="stmt" count="0"/>
        <line num="41" type="stmt" count="0"/>
        <line num="43" type="stmt" count="0"/>
        <line num="46" type="stmt" count="0"/>
        <line num="48" type="stmt" count="0"/>
        <line num="49" type="stmt" count="0"/>
        <line num="50" type="stmt" count="0"/>
        <metrics loc="53" ncloc="46" classes="1" methods="2" coveredmethods="0" conditionals="0" coveredconditionals="0" statements="16" coveredstatements="0" elements="18" coveredelements="0"/>
      </file>
      <file name="/home/srv/packages/schenke-io/laravel-url-cleaner/src/Makers/Converters/JsonMasksConverter.php">
        <class name="SchenkeIo\LaravelUrlCleaner\Makers\Converters\JsonMasksConverter" namespace="SchenkeIo\LaravelUrlCleaner\Makers\Converters">
          <metrics complexity="2" methods="2" coveredmethods="0" conditionals="0" coveredconditionals="0" statements="5" coveredstatements="0" elements="7" coveredelements="0"/>
        </class>
        <line num="13" type="method" name="__construct" visibility="public" complexity="1" crap="2" count="0"/>
        <line num="17" type="stmt" count="0"/>
        <line num="27" type="method" name="convert" visibility="public" complexity="1" crap="2" count="0"/>
        <line num="29" type="stmt" count="0"/>
        <line num="30" type="stmt" count="0"/>
        <line num="31" type="stmt" count="0"/>
        <line num="33" type="stmt" count="0"/>
        <metrics loc="36" ncloc="29" classes="1" methods="2" coveredmethods="0" conditionals="0" coveredconditionals="0" statements="5" coveredstatements="0" elements="7" coveredelements="0"/>
      </file>
      <file name="/home/srv/packages/schenke-io/laravel-url-cleaner/src/Makers/Converters/TextLineMasksConverter.php">
        <class name="SchenkeIo\LaravelUrlCleaner\Makers\Converters\TextLineMasksConverter" namespace="SchenkeIo\LaravelUrlCleaner\Makers\Converters">
          <metrics complexity="3" methods="2" coveredmethods="0" conditionals="0" coveredconditionals="0" statements="7" coveredstatements="0" elements="9" coveredelements="0"/>
        </class>
        <line num="13" type="method" name="__construct" visibility="public" complexity="1" crap="2" count="0"/>
        <line num="17" type="stmt" count="0"/>
        <line num="27" type="method" name="convert" visibility="public" complexity="2" crap="6" count="0"/>
        <line num="29" type="stmt" count="0"/>
        <line num="30" type="stmt" count="0"/>
        <line num="31" type="stmt" count="0"/>
        <line num="33" type="stmt" count="0"/>
        <line num="35" type="stmt" count="0"/>
        <line num="37" type="stmt" count="0"/>
        <metrics loc="40" ncloc="33" classes="1" methods="2" coveredmethods="0" conditionals="0" coveredconditionals="0" statements="7" coveredstatements="0" elements="9" coveredelements="0"/>
      </file>
      <file name="/home/srv/packages/schenke-io/laravel-url-cleaner/src/Makers/Converters/TextLinesMasksConverter.php">
        <class name="SchenkeIo\LaravelUrlCleaner\Makers\Converters\TextLinesMasksConverter" namespace="SchenkeIo\LaravelUrlCleaner\Makers\Converters">
          <metrics complexity="4" methods="2" coveredmethods="0" conditionals="0" coveredconditionals="0" statements="10" coveredstatements="0" elements="12" coveredelements="0"/>
        </class>
        <line num="14" type="method" name="__construct" visibility="public" complexity="1" crap="2" count="0"/>
        <line num="18" type="stmt" count="0"/>
        <line num="28" type="method" name="convert" visibility="public" complexity="3" crap="12" count="0"/>
        <line num="30" type="stmt" count="0"/>
        <line num="31" type="stmt" count="0"/>
        <line num="32" type="stmt" count="0"/>
        <line num="33" type="stmt" count="0"/>
        <line num="34" type="stmt" count="0"/>
        <line num="37" type="stmt" count="0"/>
        <line num="38" type="stmt" count="0"/>
        <line num="39" type="stmt" count="0"/>
        <line num="41" type="stmt" count="0"/>
        <metrics loc="44" ncloc="37" classes="1" methods="2" coveredmethods="0" conditionals="0" coveredconditionals="0" statements="10" coveredstatements="0" elements="12" coveredelements="0"/>
      </file>
    </package>
    <package name="SchenkeIo\LaravelUrlCleaner\Makers\SourceTypes">
      <file name="/home/srv/packages/schenke-io/laravel-url-cleaner/src/Makers/SourceTypes/DirectorySourceType.php">
        <class name="SchenkeIo\LaravelUrlCleaner\Makers\SourceTypes\DirectorySourceType" namespace="SchenkeIo\LaravelUrlCleaner\Makers\SourceTypes">
          <metrics complexity="5" methods="4" coveredmethods="0" conditionals="0" coveredconditionals="0" statements="27" coveredstatements="0" elements="31" coveredelements="0"/>
        </class>
        <line num="18" type="method" name="__construct" visibility="public" complexity="1" crap="2" count="0"/>
        <line num="20" type="stmt" count="0"/>
        <line num="28" type="method" name="makeCopy" visibility="public" complexity="2" crap="6" count="0"/>
        <line num="30" type="stmt" count="0"/>
        <line num="31" type="stmt" count="0"/>
        <line num="32" type="stmt" count="0"/>
        <line num="33" type="stmt" count="0"/>
        <line num="35" type="stmt" count="0"/>
        <line num="36" type="stmt" count="0"/>
        <line num="37" type="stmt" count="0"/>
        <line num="38" type="stmt" count="0"/>
        <line num="39" type="stmt" count="0"/>
        <line num="40" type="stmt" count="0"/>
        <line num="41" type="stmt" count="0"/>
        <line num="42" type="stmt" count="0"/>
        <line num="44" type="stmt" count="0"/>
        <line num="45" type="stmt" count="0"/>
        <line num="46" type="stmt" count="0"/>
        <line num="47" type="stmt" count="0"/>
        <line num="48" type="stmt" count="0"/>
        <line num="49" type="stmt" count="0"/>
        <line num="50" type="stmt" count="0"/>
        <line num="53" type="method" name="getSource" visibility="public" complexity="1" crap="2" count="0"/>
        <line num="55" type="stmt" count="0"/>
        <line num="64" type="method" name="getMasks" visibility="public" complexity="1" crap="2" count="0"/>
        <line num="66" type="stmt" count="0"/>
        <line num="67" type="stmt" count="0"/>
        <line num="68" type="stmt" count="0"/>
        <line num="69" type="stmt" count="0"/>
        <line num="70" type="stmt" count="0"/>
        <line num="71" type="stmt" count="0"/>
        <metrics loc="74" ncloc="57" classes="1" methods="4" coveredmethods="0" conditionals="0" coveredconditionals="0" statements="27" coveredstatements="0" elements="31" coveredelements="0"/>
      </file>
      <file name="/home/srv/packages/schenke-io/laravel-url-cleaner/src/Makers/SourceTypes/GithubSourceType.php">
        <class name="SchenkeIo\LaravelUrlCleaner\Makers\SourceTypes\GithubSourceType" namespace="SchenkeIo\LaravelUrlCleaner\Makers\SourceTypes">
          <metrics complexity="4" methods="4" coveredmethods="0" conditionals="0" coveredconditionals="0" statements="16" coveredstatements="0" elements="20" coveredelements="0"/>
        </class>
        <line num="20" type="method" name="__construct" visibility="public" complexity="1" crap="2" count="0"/>
        <line num="25" type="stmt" count="0"/>
        <line num="34" type="method" name="makeCopy" visibility="public" complexity="1" crap="2" count="0"/>
        <line num="36" type="stmt" count="0"/>
        <line num="37" type="stmt" count="0"/>
        <line num="38" type="stmt" count="0"/>
        <line num="39" type="stmt" count="0"/>
        <line num="40" type="stmt" count="0"/>
        <line num="41" type="stmt" count="0"/>
        <line num="42" type="stmt" count="0"/>
        <line num="44" type="stmt" count="0"/>
        <line num="45" type="stmt" count="0"/>
        <line num="46" type="stmt" count="0"/>
        <line num="47" type="stmt" count="0"/>
        <line num="48" type="stmt" count="0"/>
        <line num="49" type="stmt" count="0"/>
        <line num="52" type="method" name="getSource" visibility="public" complexity="1" crap="2" count="0"/>
        <line num="54" type="stmt" count="0"/>
        <line num="60" type="method" name="getMasks" visibility="public" complexity="1" crap="2" count="0"/>
        <line num="62" type="stmt" count="0"/>
        <metrics loc="65" ncloc="49" classes="1" methods="4" coveredmethods="0" conditionals="0" coveredconditionals="0" statements="16" coveredstatements="0" elements="20" coveredelements="0"/>
      </file>
      <file name="/home/srv/packages/schenke-io/laravel-url-cleaner/src/Makers/SourceTypes/NoSourceType.php">
        <class name="SchenkeIo\LaravelUrlCleaner\Makers\SourceTypes\NoSourceType" namespace="SchenkeIo\LaravelUrlCleaner\Makers\SourceTypes">
          <metrics complexity="4" methods="4" coveredmethods="0" conditionals="0" coveredconditionals="0" statements="4" coveredstatements="0" elements="8" coveredelements="0"/>
        </class>
        <line num="23" type="method" name="__construct" visibility="public" complexity="1" crap="2" count="0"/>
        <line num="25" type="stmt" count="0"/>
        <line num="33" type="method" name="makeCopy" visibility="public" complexity="1" crap="2" count="0"/>
        <line num="35" type="stmt" count="0"/>
        <line num="44" type="method" name="getSource" visibility="public" complexity="1" crap="2" count="0"/>
        <line num="46" type="stmt" count="0"/>
        <line num="57" type="method" name="getMasks" visibility="public" complexity="1" crap="2" count="0"/>
        <line num="59" type="stmt" count="0"/>
        <metrics loc="62" ncloc="32" classes="1" methods="4" coveredmethods="0" conditionals="0" coveredconditionals="0" statements="4" coveredstatements="0" elements="8" coveredelements="0"/>
      </file>
      <file name="/home/srv/packages/schenke-io/laravel-url-cleaner/src/Makers/SourceTypes/WebSourceType.php">
        <class name="SchenkeIo\LaravelUrlCleaner\Makers\SourceTypes\WebSourceType" namespace="SchenkeIo\LaravelUrlCleaner\Makers\SourceTypes">
          <metrics complexity="4" methods="4" coveredmethods="0" conditionals="0" coveredconditionals="0" statements="12" coveredstatements="0" elements="16" coveredelements="0"/>
        </class>
        <line num="14" type="method" name="__construct" visibility="public" complexity="1" crap="2" count="0"/>
        <line num="19" type="stmt" count="0"/>
        <line num="28" type="method" name="makeCopy" visibility="public" complexity="1" crap="2" count="0"/>
        <line num="30" type="stmt" count="0"/>
        <line num="31" type="stmt" count="0"/>
        <line num="32" type="stmt" count="0"/>
        <line num="34" type="stmt" count="0"/>
        <line num="35" type="stmt" count="0"/>
        <line num="36" type="stmt" count="0"/>
        <line num="37" type="stmt" count="0"/>
        <line num="38" type="stmt" count="0"/>
        <line num="39" type="stmt" count="0"/>
        <line num="42" type="method" name="getSource" visibility="public" complexity="1" crap="2" count="0"/>
        <line num="44" type="stmt" count="0"/>
        <line num="50" type="method" name="getMasks" visibility="public" complexity="1" crap="2" count="0"/>
        <line num="52" type="stmt" count="0"/>
        <metrics loc="55" ncloc="45" classes="1" methods="4" coveredmethods="0" conditionals="0" coveredconditionals="0" statements="12" coveredstatements="0" elements="16" coveredelements="0"/>
      </file>
    </package>
    <package name="SchenkeIo\LaravelUrlCleaner\Makers">
      <file name="/home/srv/packages/schenke-io/laravel-url-cleaner/src/Makers/TopLevelDomains.php">
        <class name="SchenkeIo\LaravelUrlCleaner\Makers\TopLevelDomains" namespace="SchenkeIo\LaravelUrlCleaner\Makers">
          <metrics complexity="3" methods="3" coveredmethods="0" conditionals="0" coveredconditionals="0" statements="4" coveredstatements="0" elements="7" coveredelements="0"/>
        </class>
        <line num="16" type="method" name="__construct" visibility="public" complexity="1" crap="2" count="0"/>
        <line num="18" type="method" name="init" visibility="public" complexity="1" crap="2" count="0"/>
        <line num="20" type="stmt" count="0"/>
        <line num="26" type="method" name="isInvalidTld" visibility="public" complexity="1" crap="2" count="0"/>
        <line num="29" type="stmt" count="0"/>
        <line num="31" type="stmt" count="0"/>
        <metrics loc="34" ncloc="24" classes="1" methods="3" coveredmethods="0" conditionals="0" coveredconditionals="0" statements="4" coveredstatements="0" elements="7" coveredelements="0"/>
      </file>
      <file name="/home/srv/packages/schenke-io/laravel-url-cleaner/src/Makers/Transformer.php">
        <class name="SchenkeIo\LaravelUrlCleaner\Makers\Transformer" namespace="SchenkeIo\LaravelUrlCleaner\Makers">
          <metrics complexity="2" methods="2" coveredmethods="0" conditionals="0" coveredconditionals="0" statements="8" coveredstatements="0" elements="10" coveredelements="0"/>
        </class>
        <line num="18" type="method" name="__construct" visibility="public" complexity="1" crap="2" count="0"/>
        <line num="21" type="stmt" count="0"/>
        <line num="27" type="method" name="handle" visibility="public" complexity="1" crap="2" count="0"/>
        <line num="29" type="stmt" count="0"/>
        <line num="31" type="stmt" count="0"/>
        <line num="32" type="stmt" count="0"/>
        <line num="33" type="stmt" count="0"/>
        <line num="34" type="stmt" count="0"/>
        <line num="35" type="stmt" count="0"/>
        <line num="36" type="stmt" count="0"/>
        <metrics loc="39" ncloc="29" classes="1" methods="2" coveredmethods="0" conditionals="0" coveredconditionals="0" statements="8" coveredstatements="0" elements="10" coveredelements="0"/>
      </file>
    </package>
    <metrics files="53" loc="2625" ncloc="1833" classes="47" methods="133" coveredmethods="2" conditionals="0" coveredconditionals="0" statements="502" coveredstatements="31" elements="635" coveredelements="33"/>
  </project>
</coverage>
